build/app/intermediates/manifest_merge_blame_file/debug/processDebugMainManifest/manifest-merger-blame-debug-report.txt
1<?xml version="1.0" encoding="utf-8"?>
2<manifest xmlns:android="http://schemas.android.com/apk/res/android"
3    package="com.example.softair_assignment"
4    android:versionCode="1"
5    android:versionName="0.1.0" >
6
7    <uses-sdk
8        android:minSdkVersion="21"
9        android:targetSdkVersion="35" />
10    <!--
11         The INTERNET permission is required for development. Specifically,
12         the Flutter tool needs it to communicate with the running application
13         to allow setting breakpoints, to provide hot reload, etc.
14    -->
15    <uses-permission android:name="android.permission.INTERNET" />
15-->src\debug\AndroidManifest.xml:6:5-66
15-->src\debug\AndroidManifest.xml:6:22-64
16    <!--
17     Required to query activities that can process text, see:
18         https://developer.android.com/training/package-visibility and
19         https://developer.android.com/reference/android/content/Intent#ACTION_PROCESS_TEXT.
20
21         In particular, this is used by the Flutter engine in io.flutter.plugin.text.ProcessTextPlugin.
22    -->
23    <queries>
23-->src\main\AndroidManifest.xml:39:5-44:15
24        <intent>
24-->src\main\AndroidManifest.xml:40:9-43:18
25            <action android:name="android.intent.action.PROCESS_TEXT" />
25-->src\main\AndroidManifest.xml:41:13-72
25-->src\main\AndroidManifest.xml:41:21-70
26
27            <data android:mimeType="text/plain" />
27-->src\main\AndroidManifest.xml:42:13-50
27-->src\main\AndroidManifest.xml:42:19-48
28        </intent>
29        <intent>
29-->[com.razorpay:standard-core:1.6.53] AndroidManifest.xml:11:9-17:18
30            <action android:name="android.intent.action.VIEW" />
30-->[com.razorpay:standard-core:1.6.53] AndroidManifest.xml:12:13-65
30-->[com.razorpay:standard-core:1.6.53] AndroidManifest.xml:12:21-62
31
32            <data
32-->src\main\AndroidManifest.xml:42:13-50
33                android:mimeType="*/*"
33-->src\main\AndroidManifest.xml:42:19-48
34                android:scheme="*" />
35        </intent>
36        <intent>
36-->[com.razorpay:standard-core:1.6.53] AndroidManifest.xml:18:9-27:18
37            <action android:name="android.intent.action.VIEW" />
37-->[com.razorpay:standard-core:1.6.53] AndroidManifest.xml:12:13-65
37-->[com.razorpay:standard-core:1.6.53] AndroidManifest.xml:12:21-62
38
39            <category android:name="android.intent.category.BROWSABLE" />
39-->[com.razorpay:standard-core:1.6.53] AndroidManifest.xml:21:13-74
39-->[com.razorpay:standard-core:1.6.53] AndroidManifest.xml:21:23-71
40
41            <data
41-->src\main\AndroidManifest.xml:42:13-50
42                android:host="pay"
43                android:mimeType="*/*"
43-->src\main\AndroidManifest.xml:42:19-48
44                android:scheme="upi" />
45        </intent>
46        <intent>
46-->[com.razorpay:standard-core:1.6.53] AndroidManifest.xml:28:9-30:18
47            <action android:name="android.intent.action.MAIN" />
47-->[com.razorpay:standard-core:1.6.53] AndroidManifest.xml:29:13-65
47-->[com.razorpay:standard-core:1.6.53] AndroidManifest.xml:29:21-62
48        </intent>
49        <intent>
49-->[com.razorpay:standard-core:1.6.53] AndroidManifest.xml:31:9-35:18
50            <action android:name="android.intent.action.SEND" />
50-->[com.razorpay:standard-core:1.6.53] AndroidManifest.xml:32:13-65
50-->[com.razorpay:standard-core:1.6.53] AndroidManifest.xml:32:21-62
51
52            <data android:mimeType="*/*" />
52-->src\main\AndroidManifest.xml:42:13-50
52-->src\main\AndroidManifest.xml:42:19-48
53        </intent>
54        <intent>
54-->[com.razorpay:standard-core:1.6.53] AndroidManifest.xml:36:9-38:18
55            <action android:name="rzp.device_token.share" />
55-->[com.razorpay:standard-core:1.6.53] AndroidManifest.xml:37:13-61
55-->[com.razorpay:standard-core:1.6.53] AndroidManifest.xml:37:21-58
56        </intent>
57    </queries> <!-- Include required permissions for Google Maps API to run. -->
58    <uses-permission android:name="android.permission.ACCESS_NETWORK_STATE" />
58-->[com.google.android.gms:play-services-maps:17.0.0] AndroidManifest.xml:23:5-79
58-->[com.google.android.gms:play-services-maps:17.0.0] AndroidManifest.xml:23:22-76
59
60    <uses-feature
60-->[com.google.android.gms:play-services-maps:17.0.0] AndroidManifest.xml:26:5-28:35
61        android:glEsVersion="0x00020000"
61-->[com.google.android.gms:play-services-maps:17.0.0] AndroidManifest.xml:27:9-41
62        android:required="true" />
62-->[com.google.android.gms:play-services-maps:17.0.0] AndroidManifest.xml:28:9-32
63
64    <permission
64-->[androidx.core:core:1.13.1] AndroidManifest.xml:22:5-24:47
65        android:name="com.example.softair_assignment.DYNAMIC_RECEIVER_NOT_EXPORTED_PERMISSION"
65-->[androidx.core:core:1.13.1] AndroidManifest.xml:23:9-81
66        android:protectionLevel="signature" />
66-->[androidx.core:core:1.13.1] AndroidManifest.xml:24:9-44
67
68    <uses-permission android:name="com.example.softair_assignment.DYNAMIC_RECEIVER_NOT_EXPORTED_PERMISSION" />
68-->[androidx.core:core:1.13.1] AndroidManifest.xml:26:5-97
68-->[androidx.core:core:1.13.1] AndroidManifest.xml:26:22-94
69
70    <application
71        android:name="android.app.Application"
72        android:appComponentFactory="androidx.core.app.CoreComponentFactory"
72-->[androidx.core:core:1.13.1] AndroidManifest.xml:28:18-86
73        android:debuggable="true"
74        android:extractNativeLibs="true"
75        android:icon="@mipmap/ic_launcher"
76        android:label="softair_assignment" >
77        <activity
78            android:name="com.example.softair_assignment.MainActivity"
79            android:configChanges="orientation|keyboardHidden|keyboard|screenSize|smallestScreenSize|locale|layoutDirection|fontScale|screenLayout|density|uiMode"
80            android:exported="true"
81            android:hardwareAccelerated="true"
82            android:launchMode="singleTop"
83            android:taskAffinity=""
84            android:theme="@style/LaunchTheme"
85            android:windowSoftInputMode="adjustResize" >
86
87            <!--
88                 Specifies an Android theme to apply to this Activity as soon as
89                 the Android process has started. This theme is visible to the user
90                 while the Flutter UI initializes. After that, this theme continues
91                 to determine the Window background behind the Flutter UI.
92            -->
93            <meta-data
94                android:name="io.flutter.embedding.android.NormalTheme"
95                android:resource="@style/NormalTheme" />
96
97            <intent-filter>
98                <action android:name="android.intent.action.MAIN" />
98-->[com.razorpay:standard-core:1.6.53] AndroidManifest.xml:29:13-65
98-->[com.razorpay:standard-core:1.6.53] AndroidManifest.xml:29:21-62
99
100                <category android:name="android.intent.category.LAUNCHER" />
101            </intent-filter>
102        </activity>
103        <!--
104             Don't delete the meta-data below.
105             This is used by the Flutter tool to generate GeneratedPluginRegistrant.java
106        -->
107        <meta-data
108            android:name="flutterEmbedding"
109            android:value="2" />
110
111        <activity
111-->[com.razorpay:standard-core:1.6.53] AndroidManifest.xml:42:9-50:20
112            android:name="com.razorpay.CheckoutActivity"
112-->[com.razorpay:standard-core:1.6.53] AndroidManifest.xml:43:13-57
113            android:configChanges="keyboard|keyboardHidden|orientation|screenSize"
113-->[com.razorpay:standard-core:1.6.53] AndroidManifest.xml:44:13-83
114            android:exported="false"
114-->[com.razorpay:standard-core:1.6.53] AndroidManifest.xml:45:13-37
115            android:theme="@style/CheckoutTheme" >
115-->[com.razorpay:standard-core:1.6.53] AndroidManifest.xml:46:13-49
116            <intent-filter>
116-->[com.razorpay:standard-core:1.6.53] AndroidManifest.xml:47:13-49:29
117                <action android:name="android.intent.action.MAIN" />
117-->[com.razorpay:standard-core:1.6.53] AndroidManifest.xml:29:13-65
117-->[com.razorpay:standard-core:1.6.53] AndroidManifest.xml:29:21-62
118            </intent-filter>
119        </activity>
120
121        <provider
121-->[com.razorpay:standard-core:1.6.53] AndroidManifest.xml:52:9-60:20
122            android:name="androidx.startup.InitializationProvider"
122-->[com.razorpay:standard-core:1.6.53] AndroidManifest.xml:53:13-67
123            android:authorities="com.example.softair_assignment.androidx-startup"
123-->[com.razorpay:standard-core:1.6.53] AndroidManifest.xml:54:13-68
124            android:exported="false" >
124-->[com.razorpay:standard-core:1.6.53] AndroidManifest.xml:55:13-37
125            <meta-data
125-->[com.razorpay:standard-core:1.6.53] AndroidManifest.xml:57:13-59:52
126                android:name="com.razorpay.RazorpayInitializer"
126-->[com.razorpay:standard-core:1.6.53] AndroidManifest.xml:58:17-64
127                android:value="androidx.startup" />
127-->[com.razorpay:standard-core:1.6.53] AndroidManifest.xml:59:17-49
128            <meta-data
128-->[androidx.lifecycle:lifecycle-process:2.7.0] AndroidManifest.xml:29:13-31:52
129                android:name="androidx.lifecycle.ProcessLifecycleInitializer"
129-->[androidx.lifecycle:lifecycle-process:2.7.0] AndroidManifest.xml:30:17-78
130                android:value="androidx.startup" />
130-->[androidx.lifecycle:lifecycle-process:2.7.0] AndroidManifest.xml:31:17-49
131            <meta-data
131-->[androidx.profileinstaller:profileinstaller:1.3.1] AndroidManifest.xml:29:13-31:52
132                android:name="androidx.profileinstaller.ProfileInstallerInitializer"
132-->[androidx.profileinstaller:profileinstaller:1.3.1] AndroidManifest.xml:30:17-85
133                android:value="androidx.startup" />
133-->[androidx.profileinstaller:profileinstaller:1.3.1] AndroidManifest.xml:31:17-49
134        </provider>
135
136        <activity
136-->[com.razorpay:standard-core:1.6.53] AndroidManifest.xml:62:9-65:75
137            android:name="com.razorpay.MagicXActivity"
137-->[com.razorpay:standard-core:1.6.53] AndroidManifest.xml:63:13-55
138            android:exported="false"
138-->[com.razorpay:standard-core:1.6.53] AndroidManifest.xml:64:13-37
139            android:theme="@android:style/Theme.Translucent.NoTitleBar" />
139-->[com.razorpay:standard-core:1.6.53] AndroidManifest.xml:65:13-72
140
141        <meta-data
141-->[com.razorpay:standard-core:1.6.53] AndroidManifest.xml:67:9-69:58
142            android:name="com.razorpay.plugin.googlepay_all"
142-->[com.razorpay:standard-core:1.6.53] AndroidManifest.xml:68:13-61
143            android:value="com.razorpay.RzpGpayMerged" />
143-->[com.razorpay:standard-core:1.6.53] AndroidManifest.xml:69:13-55
144
145        <activity
145-->[com.google.android.gms:play-services-auth:21.1.0] AndroidManifest.xml:23:9-27:75
146            android:name="com.google.android.gms.auth.api.signin.internal.SignInHubActivity"
146-->[com.google.android.gms:play-services-auth:21.1.0] AndroidManifest.xml:24:13-93
147            android:excludeFromRecents="true"
147-->[com.google.android.gms:play-services-auth:21.1.0] AndroidManifest.xml:25:13-46
148            android:exported="false"
148-->[com.google.android.gms:play-services-auth:21.1.0] AndroidManifest.xml:26:13-37
149            android:theme="@android:style/Theme.Translucent.NoTitleBar" />
149-->[com.google.android.gms:play-services-auth:21.1.0] AndroidManifest.xml:27:13-72
150        <!--
151            Service handling Google Sign-In user revocation. For apps that do not integrate with
152            Google Sign-In, this service will never be started.
153        -->
154        <service
154-->[com.google.android.gms:play-services-auth:21.1.0] AndroidManifest.xml:33:9-37:51
155            android:name="com.google.android.gms.auth.api.signin.RevocationBoundService"
155-->[com.google.android.gms:play-services-auth:21.1.0] AndroidManifest.xml:34:13-89
156            android:exported="true"
156-->[com.google.android.gms:play-services-auth:21.1.0] AndroidManifest.xml:35:13-36
157            android:permission="com.google.android.gms.auth.api.signin.permission.REVOCATION_NOTIFICATION"
157-->[com.google.android.gms:play-services-auth:21.1.0] AndroidManifest.xml:36:13-107
158            android:visibleToInstantApps="true" /> <!-- Needs to be explicitly declared on P+ -->
158-->[com.google.android.gms:play-services-auth:21.1.0] AndroidManifest.xml:37:13-48
159        <uses-library
159-->[com.google.android.gms:play-services-maps:17.0.0] AndroidManifest.xml:33:9-35:40
160            android:name="org.apache.http.legacy"
160-->[com.google.android.gms:play-services-maps:17.0.0] AndroidManifest.xml:34:13-50
161            android:required="false" />
161-->[com.google.android.gms:play-services-maps:17.0.0] AndroidManifest.xml:35:13-37
162
163        <activity
163-->[com.google.android.gms:play-services-base:18.3.0] AndroidManifest.xml:20:9-22:45
164            android:name="com.google.android.gms.common.api.GoogleApiActivity"
164-->[com.google.android.gms:play-services-base:18.3.0] AndroidManifest.xml:20:19-85
165            android:exported="false"
165-->[com.google.android.gms:play-services-base:18.3.0] AndroidManifest.xml:22:19-43
166            android:theme="@android:style/Theme.Translucent.NoTitleBar" />
166-->[com.google.android.gms:play-services-base:18.3.0] AndroidManifest.xml:21:19-78
167
168        <meta-data
168-->[com.google.android.gms:play-services-basement:18.3.0] AndroidManifest.xml:21:9-23:69
169            android:name="com.google.android.gms.version"
169-->[com.google.android.gms:play-services-basement:18.3.0] AndroidManifest.xml:22:13-58
170            android:value="@integer/google_play_services_version" />
170-->[com.google.android.gms:play-services-basement:18.3.0] AndroidManifest.xml:23:13-66
171
172        <uses-library
172-->[androidx.window:window:1.2.0] AndroidManifest.xml:23:9-25:40
173            android:name="androidx.window.extensions"
173-->[androidx.window:window:1.2.0] AndroidManifest.xml:24:13-54
174            android:required="false" />
174-->[androidx.window:window:1.2.0] AndroidManifest.xml:25:13-37
175        <uses-library
175-->[androidx.window:window:1.2.0] AndroidManifest.xml:26:9-28:40
176            android:name="androidx.window.sidecar"
176-->[androidx.window:window:1.2.0] AndroidManifest.xml:27:13-51
177            android:required="false" />
177-->[androidx.window:window:1.2.0] AndroidManifest.xml:28:13-37
178
179        <receiver
179-->[androidx.profileinstaller:profileinstaller:1.3.1] AndroidManifest.xml:34:9-52:20
180            android:name="androidx.profileinstaller.ProfileInstallReceiver"
180-->[androidx.profileinstaller:profileinstaller:1.3.1] AndroidManifest.xml:35:13-76
181            android:directBootAware="false"
181-->[androidx.profileinstaller:profileinstaller:1.3.1] AndroidManifest.xml:36:13-44
182            android:enabled="true"
182-->[androidx.profileinstaller:profileinstaller:1.3.1] AndroidManifest.xml:37:13-35
183            android:exported="true"
183-->[androidx.profileinstaller:profileinstaller:1.3.1] AndroidManifest.xml:38:13-36
184            android:permission="android.permission.DUMP" >
184-->[androidx.profileinstaller:profileinstaller:1.3.1] AndroidManifest.xml:39:13-57
185            <intent-filter>
185-->[androidx.profileinstaller:profileinstaller:1.3.1] AndroidManifest.xml:40:13-42:29
186                <action android:name="androidx.profileinstaller.action.INSTALL_PROFILE" />
186-->[androidx.profileinstaller:profileinstaller:1.3.1] AndroidManifest.xml:41:17-91
186-->[androidx.profileinstaller:profileinstaller:1.3.1] AndroidManifest.xml:41:25-88
187            </intent-filter>
188            <intent-filter>
188-->[androidx.profileinstaller:profileinstaller:1.3.1] AndroidManifest.xml:43:13-45:29
189                <action android:name="androidx.profileinstaller.action.SKIP_FILE" />
189-->[androidx.profileinstaller:profileinstaller:1.3.1] AndroidManifest.xml:44:17-85
189-->[androidx.profileinstaller:profileinstaller:1.3.1] AndroidManifest.xml:44:25-82
190            </intent-filter>
191            <intent-filter>
191-->[androidx.profileinstaller:profileinstaller:1.3.1] AndroidManifest.xml:46:13-48:29
192                <action android:name="androidx.profileinstaller.action.SAVE_PROFILE" />
192-->[androidx.profileinstaller:profileinstaller:1.3.1] AndroidManifest.xml:47:17-88
192-->[androidx.profileinstaller:profileinstaller:1.3.1] AndroidManifest.xml:47:25-85
193            </intent-filter>
194            <intent-filter>
194-->[androidx.profileinstaller:profileinstaller:1.3.1] AndroidManifest.xml:49:13-51:29
195                <action android:name="androidx.profileinstaller.action.BENCHMARK_OPERATION" />
195-->[androidx.profileinstaller:profileinstaller:1.3.1] AndroidManifest.xml:50:17-95
195-->[androidx.profileinstaller:profileinstaller:1.3.1] AndroidManifest.xml:50:25-92
196            </intent-filter>
197        </receiver>
198    </application>
199
200</manifest>